2024-05-26 23:21:37 0 [Note] Starting MariaDB 10.4.32-MariaDB source revision c4143f909528e3fab0677a28631d10389354c491 as process 11224
2024-05-26 23:21:37 0 [Note] InnoDB: Mutexes and rw_locks use Windows interlocked functions
2024-05-26 23:21:37 0 [Note] InnoDB: Uses event mutexes
2024-05-26 23:21:37 0 [Note] InnoDB: Compressed tables use zlib 1.3
2024-05-26 23:21:37 0 [Note] InnoDB: Number of pools: 1
2024-05-26 23:21:37 0 [Note] InnoDB: Using SSE2 crc32 instructions
2024-05-26 23:21:37 0 [Note] InnoDB: Initializing buffer pool, total size = 16M, instances = 1, chunk size = 16M
2024-05-26 23:21:37 0 [Note] InnoDB: Completed initialization of buffer pool
2024-05-26 23:21:37 0 [Note] InnoDB: Starting crash recovery from checkpoint LSN=300288
2024-05-26 23:21:37 0 [Note] InnoDB: 128 out of 128 rollback segments are active.
2024-05-26 23:21:37 0 [Note] InnoDB: Removed temporary tablespace data file: "ibtmp1"
2024-05-26 23:21:37 0 [Note] InnoDB: Creating shared tablespace for temporary tables
2024-05-26 23:21:37 0 [Note] InnoDB: Setting file 'C:\xampp\mysql\data\ibtmp1' size to 12 MB. Physically writing the file full; Please wait ...
2024-05-26 23:21:37 0 [Note] InnoDB: File 'C:\xampp\mysql\data\ibtmp1' size is now 12 MB.
2024-05-26 23:21:37 0 [Note] InnoDB: Waiting for purge to start
2024-05-26 23:21:37 0 [Note] InnoDB: 10.4.32 started; log sequence number 300297; transaction id 170
2024-05-26 23:21:37 0 [Note] Plugin 'FEEDBACK' is disabled.
2024-05-26 23:21:37 0 [Note] InnoDB: Loading buffer pool(s) from C:\xampp\mysql\data\ib_buffer_pool
2024-05-26 23:21:37 0 [Note] InnoDB: Buffer pool(s) load completed at 240526 23:21:37
2024-05-26 23:21:37 0 [Note] Server socket created on IP: '::'.
2024-05-26 23:21:37 0 [Note] Reading of all Master_info entries succeeded
2024-05-26 23:21:37 0 [Note] Added new Master_info '' to hash table
2024-05-26 23:21:37 0 [Note] C:\xampp\mysql\bin\mysqld.exe: ready for connections.
Version: '10.4.32-MariaDB'  socket: ''  port: 3306  mariadb.org binary distribution
2024-05-27  0:23:58 250 [Warning] Access denied for user 'hristinavidovic'@'localhost' (using password: YES)
2024-05-27  0:27:42 0 [Note] C:\xampp\mysql\bin\mysqld.exe (initiated by: unknown): Normal shutdown
2024-05-27  0:27:42 0 [Note] Event Scheduler: Purging the queue. 0 events
2024-05-27  0:27:42 0 [Note] InnoDB: FTS optimize thread exiting.
2024-05-27  0:27:42 0 [Note] InnoDB: Starting shutdown...
2024-05-27  0:27:42 0 [Note] InnoDB: Dumping buffer pool(s) to C:\xampp\mysql\data\ib_buffer_pool
2024-05-27  0:27:42 0 [Note] InnoDB: Instance 0, restricted to 250 pages due to innodb_buf_pool_dump_pct=25
2024-05-27  0:27:42 0 [Note] InnoDB: Buffer pool(s) dump completed at 240527  0:27:42
2024-05-27  0:27:43 0 [Note] InnoDB: Removed temporary tablespace data file: "ibtmp1"
2024-05-27  0:27:43 0 [Note] InnoDB: Shutdown completed; log sequence number 4798704; transaction id 2224
2024-05-27  0:27:43 0 [Note] C:\xampp\mysql\bin\mysqld.exe: Shutdown complete

2024-05-27  9:51:43 0 [Note] Starting MariaDB 10.4.32-MariaDB source revision c4143f909528e3fab0677a28631d10389354c491 as process 5436
2024-05-27  9:51:43 0 [Note] InnoDB: Mutexes and rw_locks use Windows interlocked functions
2024-05-27  9:51:43 0 [Note] InnoDB: Uses event mutexes
2024-05-27  9:51:43 0 [Note] InnoDB: Compressed tables use zlib 1.3
2024-05-27  9:51:43 0 [Note] InnoDB: Number of pools: 1
2024-05-27  9:51:43 0 [Note] InnoDB: Using SSE2 crc32 instructions
2024-05-27  9:51:43 0 [Note] InnoDB: Initializing buffer pool, total size = 16M, instances = 1, chunk size = 16M
2024-05-27  9:51:43 0 [Note] InnoDB: Completed initialization of buffer pool
2024-05-27  9:51:43 0 [Note] InnoDB: 128 out of 128 rollback segments are active.
2024-05-27  9:51:43 0 [Note] InnoDB: Creating shared tablespace for temporary tables
2024-05-27  9:51:43 0 [Note] InnoDB: Setting file 'C:\xampp\mysql\data\ibtmp1' size to 12 MB. Physically writing the file full; Please wait ...
2024-05-27  9:51:43 0 [Note] InnoDB: File 'C:\xampp\mysql\data\ibtmp1' size is now 12 MB.
2024-05-27  9:51:43 0 [Note] InnoDB: Waiting for purge to start
2024-05-27  9:51:43 0 [Note] InnoDB: 10.4.32 started; log sequence number 4798704; transaction id 2226
2024-05-27  9:51:43 0 [Note] InnoDB: Loading buffer pool(s) from C:\xampp\mysql\data\ib_buffer_pool
2024-05-27  9:51:43 0 [Note] InnoDB: Buffer pool(s) load completed at 240527  9:51:43
2024-05-27  9:51:43 0 [Note] Plugin 'FEEDBACK' is disabled.
2024-05-27  9:51:43 0 [Note] Server socket created on IP: '::'.
2024-05-27  9:51:44 0 [Note] Reading of all Master_info entries succeeded
2024-05-27  9:51:44 0 [Note] Added new Master_info '' to hash table
2024-05-27  9:51:44 0 [Note] C:\xampp\mysql\bin\mysqld.exe: ready for connections.
Version: '10.4.32-MariaDB'  socket: ''  port: 3306  mariadb.org binary distribution
2024-05-27 10:06:49 0 [Note] C:\xampp\mysql\bin\mysqld.exe (initiated by: unknown): Normal shutdown
2024-05-27 10:06:49 0 [Note] Event Scheduler: Purging the queue. 0 events
2024-05-27 10:06:49 0 [Note] InnoDB: FTS optimize thread exiting.
2024-05-27 10:06:49 0 [Note] InnoDB: Starting shutdown...
2024-05-27 10:06:49 0 [Note] InnoDB: Dumping buffer pool(s) to C:\xampp\mysql\data\ib_buffer_pool
2024-05-27 10:06:49 0 [Note] InnoDB: Instance 0, restricted to 250 pages due to innodb_buf_pool_dump_pct=25
2024-05-27 10:06:49 0 [Note] InnoDB: Buffer pool(s) dump completed at 240527 10:06:49
2024-05-27 10:06:50 0 [Note] InnoDB: Removed temporary tablespace data file: "ibtmp1"
2024-05-27 10:06:50 0 [Note] InnoDB: Shutdown completed; log sequence number 5220639; transaction id 2855
2024-05-27 10:06:50 0 [Note] C:\xampp\mysql\bin\mysqld.exe: Shutdown complete

2024-05-27 13:59:45 0 [Note] Starting MariaDB 10.4.32-MariaDB source revision c4143f909528e3fab0677a28631d10389354c491 as process 5448
2024-05-27 13:59:45 0 [Note] InnoDB: Mutexes and rw_locks use Windows interlocked functions
2024-05-27 13:59:45 0 [Note] InnoDB: Uses event mutexes
2024-05-27 13:59:45 0 [Note] InnoDB: Compressed tables use zlib 1.3
2024-05-27 13:59:45 0 [Note] InnoDB: Number of pools: 1
2024-05-27 13:59:45 0 [Note] InnoDB: Using SSE2 crc32 instructions
2024-05-27 13:59:45 0 [Note] InnoDB: Initializing buffer pool, total size = 16M, instances = 1, chunk size = 16M
2024-05-27 13:59:45 0 [Note] InnoDB: Completed initialization of buffer pool
2024-05-27 13:59:45 0 [Note] InnoDB: 128 out of 128 rollback segments are active.
2024-05-27 13:59:45 0 [Note] InnoDB: Creating shared tablespace for temporary tables
2024-05-27 13:59:45 0 [Note] InnoDB: Setting file 'C:\xampp\mysql\data\ibtmp1' size to 12 MB. Physically writing the file full; Please wait ...
2024-05-27 13:59:45 0 [Note] InnoDB: File 'C:\xampp\mysql\data\ibtmp1' size is now 12 MB.
2024-05-27 13:59:45 0 [Note] InnoDB: Waiting for purge to start
2024-05-27 13:59:45 0 [Note] InnoDB: 10.4.32 started; log sequence number 5220639; transaction id 2856
2024-05-27 13:59:45 0 [Note] InnoDB: Loading buffer pool(s) from C:\xampp\mysql\data\ib_buffer_pool
2024-05-27 13:59:45 0 [Note] InnoDB: Buffer pool(s) load completed at 240527 13:59:45
2024-05-27 13:59:45 0 [Note] Plugin 'FEEDBACK' is disabled.
2024-05-27 13:59:45 0 [Note] Server socket created on IP: '::'.
2024-05-27 13:59:46 0 [Note] Reading of all Master_info entries succeeded
2024-05-27 13:59:46 0 [Note] Added new Master_info '' to hash table
2024-05-27 13:59:46 0 [Note] C:\xampp\mysql\bin\mysqld.exe: ready for connections.
Version: '10.4.32-MariaDB'  socket: ''  port: 3306  mariadb.org binary distribution
2024-05-27 14:56:11 0 [Note] Starting MariaDB 10.4.32-MariaDB source revision c4143f909528e3fab0677a28631d10389354c491 as process 4928
2024-05-27 14:56:11 0 [Note] InnoDB: Mutexes and rw_locks use Windows interlocked functions
2024-05-27 14:56:11 0 [Note] InnoDB: Uses event mutexes
2024-05-27 14:56:11 0 [Note] InnoDB: Compressed tables use zlib 1.3
2024-05-27 14:56:11 0 [Note] InnoDB: Number of pools: 1
2024-05-27 14:56:11 0 [Note] InnoDB: Using SSE2 crc32 instructions
2024-05-27 14:56:11 0 [Note] InnoDB: Initializing buffer pool, total size = 16M, instances = 1, chunk size = 16M
2024-05-27 14:56:11 0 [Note] InnoDB: Completed initialization of buffer pool
2024-05-27 14:56:11 0 [Note] InnoDB: Starting crash recovery from checkpoint LSN=6942123
2024-05-27 14:56:12 0 [Note] InnoDB: 128 out of 128 rollback segments are active.
2024-05-27 14:56:12 0 [Note] InnoDB: Removed temporary tablespace data file: "ibtmp1"
2024-05-27 14:56:12 0 [Note] InnoDB: Creating shared tablespace for temporary tables
2024-05-27 14:56:12 0 [Note] InnoDB: Setting file 'C:\xampp\mysql\data\ibtmp1' size to 12 MB. Physically writing the file full; Please wait ...
2024-05-27 14:56:12 0 [Note] InnoDB: File 'C:\xampp\mysql\data\ibtmp1' size is now 12 MB.
2024-05-27 14:56:12 0 [Note] InnoDB: Waiting for purge to start
2024-05-27 14:56:12 0 [Note] InnoDB: 10.4.32 started; log sequence number 6942132; transaction id 3531
2024-05-27 14:56:12 0 [Note] Plugin 'FEEDBACK' is disabled.
2024-05-27 14:56:12 0 [Note] InnoDB: Loading buffer pool(s) from C:\xampp\mysql\data\ib_buffer_pool
2024-05-27 14:56:12 0 [Note] Server socket created on IP: '::'.
2024-05-27 14:56:12 0 [Note] InnoDB: Buffer pool(s) load completed at 240527 14:56:12
2024-05-27 14:56:12 0 [Note] Reading of all Master_info entries succeeded
2024-05-27 14:56:12 0 [Note] Added new Master_info '' to hash table
2024-05-27 14:56:12 0 [Note] C:\xampp\mysql\bin\mysqld.exe: ready for connections.
Version: '10.4.32-MariaDB'  socket: ''  port: 3306  mariadb.org binary distribution
2024-05-27 15:29:04 0 [Note] C:\xampp\mysql\bin\mysqld.exe (initiated by: unknown): Normal shutdown
2024-05-27 15:29:04 0 [Note] Event Scheduler: Purging the queue. 0 events
2024-05-27 15:29:04 0 [Note] InnoDB: FTS optimize thread exiting.
2024-05-27 15:29:04 0 [Note] InnoDB: Starting shutdown...
2024-05-27 15:29:04 0 [Note] InnoDB: Dumping buffer pool(s) to C:\xampp\mysql\data\ib_buffer_pool
2024-05-27 15:29:04 0 [Note] InnoDB: Instance 0, restricted to 250 pages due to innodb_buf_pool_dump_pct=25
2024-05-27 15:29:04 0 [Note] InnoDB: Buffer pool(s) dump completed at 240527 15:29:04
2024-05-27 15:29:05 0 [Note] InnoDB: Removed temporary tablespace data file: "ibtmp1"
2024-05-27 15:29:05 0 [Note] InnoDB: Shutdown completed; log sequence number 7540647; transaction id 3670
2024-05-27 15:29:05 0 [Note] C:\xampp\mysql\bin\mysqld.exe: Shutdown complete

2024-05-28 10:06:49 0 [Note] Starting MariaDB 10.4.32-MariaDB source revision c4143f909528e3fab0677a28631d10389354c491 as process 5524
2024-05-28 10:06:49 0 [Note] InnoDB: Mutexes and rw_locks use Windows interlocked functions
2024-05-28 10:06:49 0 [Note] InnoDB: Uses event mutexes
2024-05-28 10:06:49 0 [Note] InnoDB: Compressed tables use zlib 1.3
2024-05-28 10:06:49 0 [Note] InnoDB: Number of pools: 1
2024-05-28 10:06:49 0 [Note] InnoDB: Using SSE2 crc32 instructions
2024-05-28 10:06:49 0 [Note] InnoDB: Initializing buffer pool, total size = 16M, instances = 1, chunk size = 16M
2024-05-28 10:06:49 0 [Note] InnoDB: Completed initialization of buffer pool
2024-05-28 10:06:49 0 [Note] InnoDB: 128 out of 128 rollback segments are active.
2024-05-28 10:06:49 0 [Note] InnoDB: Creating shared tablespace for temporary tables
2024-05-28 10:06:49 0 [Note] InnoDB: Setting file 'C:\xampp\mysql\data\ibtmp1' size to 12 MB. Physically writing the file full; Please wait ...
2024-05-28 10:06:49 0 [Note] InnoDB: File 'C:\xampp\mysql\data\ibtmp1' size is now 12 MB.
2024-05-28 10:06:49 0 [Note] InnoDB: Waiting for purge to start
2024-05-28 10:06:49 0 [Note] InnoDB: 10.4.32 started; log sequence number 7540647; transaction id 3671
2024-05-28 10:06:49 0 [Note] InnoDB: Loading buffer pool(s) from C:\xampp\mysql\data\ib_buffer_pool
2024-05-28 10:06:49 0 [Note] InnoDB: Buffer pool(s) load completed at 240528 10:06:49
2024-05-28 10:06:49 0 [Note] Plugin 'FEEDBACK' is disabled.
2024-05-28 10:06:49 0 [Note] Server socket created on IP: '::'.
2024-05-28 10:06:49 0 [Note] Reading of all Master_info entries succeeded
2024-05-28 10:06:49 0 [Note] Added new Master_info '' to hash table
2024-05-28 10:06:49 0 [Note] C:\xampp\mysql\bin\mysqld.exe: ready for connections.
Version: '10.4.32-MariaDB'  socket: ''  port: 3306  mariadb.org binary distribution
2024-05-28 12:53:10 0 [Note] C:\xampp\mysql\bin\mysqld.exe (initiated by: unknown): Normal shutdown
2024-05-28 12:53:10 0 [Note] Event Scheduler: Purging the queue. 0 events
2024-05-28 12:53:10 0 [Note] InnoDB: FTS optimize thread exiting.
2024-05-28 12:53:10 0 [Note] InnoDB: Starting shutdown...
2024-05-28 12:53:10 0 [Note] InnoDB: Dumping buffer pool(s) to C:\xampp\mysql\data\ib_buffer_pool
2024-05-28 12:53:10 0 [Note] InnoDB: Instance 0, restricted to 250 pages due to innodb_buf_pool_dump_pct=25
2024-05-28 12:53:10 0 [Note] InnoDB: Buffer pool(s) dump completed at 240528 12:53:10
2024-05-28 12:53:11 0 [Note] InnoDB: Removed temporary tablespace data file: "ibtmp1"
2024-05-28 12:53:11 0 [Note] InnoDB: Shutdown completed; log sequence number 9486071; transaction id 4068
2024-05-28 12:53:11 0 [Note] C:\xampp\mysql\bin\mysqld.exe: Shutdown complete

2024-05-28 13:48:24 0 [Note] Starting MariaDB 10.4.32-MariaDB source revision c4143f909528e3fab0677a28631d10389354c491 as process 5460
2024-05-28 13:48:24 0 [Note] InnoDB: Mutexes and rw_locks use Windows interlocked functions
2024-05-28 13:48:24 0 [Note] InnoDB: Uses event mutexes
2024-05-28 13:48:24 0 [Note] InnoDB: Compressed tables use zlib 1.3
2024-05-28 13:48:24 0 [Note] InnoDB: Number of pools: 1
2024-05-28 13:48:24 0 [Note] InnoDB: Using SSE2 crc32 instructions
2024-05-28 13:48:24 0 [Note] InnoDB: Initializing buffer pool, total size = 16M, instances = 1, chunk size = 16M
2024-05-28 13:48:24 0 [Note] InnoDB: Completed initialization of buffer pool
2024-05-28 13:48:24 0 [Note] InnoDB: 128 out of 128 rollback segments are active.
2024-05-28 13:48:24 0 [Note] InnoDB: Creating shared tablespace for temporary tables
2024-05-28 13:48:24 0 [Note] InnoDB: Setting file 'C:\xampp\mysql\data\ibtmp1' size to 12 MB. Physically writing the file full; Please wait ...
2024-05-28 13:48:24 0 [Note] InnoDB: File 'C:\xampp\mysql\data\ibtmp1' size is now 12 MB.
2024-05-28 13:48:24 0 [Note] InnoDB: Waiting for purge to start
2024-05-28 13:48:24 0 [Note] InnoDB: 10.4.32 started; log sequence number 9486071; transaction id 4069
2024-05-28 13:48:24 0 [Note] InnoDB: Loading buffer pool(s) from C:\xampp\mysql\data\ib_buffer_pool
2024-05-28 13:48:24 0 [Note] Plugin 'FEEDBACK' is disabled.
2024-05-28 13:48:24 0 [Note] InnoDB: Buffer pool(s) load completed at 240528 13:48:24
2024-05-28 13:48:24 0 [Note] Server socket created on IP: '::'.
2024-05-28 13:48:24 0 [Note] Reading of all Master_info entries succeeded
2024-05-28 13:48:24 0 [Note] Added new Master_info '' to hash table
2024-05-28 13:48:24 0 [Note] C:\xampp\mysql\bin\mysqld.exe: ready for connections.
Version: '10.4.32-MariaDB'  socket: ''  port: 3306  mariadb.org binary distribution
2024-05-28 14:09:32 0 [Note] C:\xampp\mysql\bin\mysqld.exe (initiated by: unknown): Normal shutdown
2024-05-28 14:09:32 0 [Note] Event Scheduler: Purging the queue. 0 events
2024-05-28 14:09:32 0 [Note] InnoDB: FTS optimize thread exiting.
2024-05-28 14:09:32 0 [Note] InnoDB: Starting shutdown...
2024-05-28 14:09:32 0 [Note] InnoDB: Dumping buffer pool(s) to C:\xampp\mysql\data\ib_buffer_pool
2024-05-28 14:09:32 0 [Note] InnoDB: Instance 0, restricted to 250 pages due to innodb_buf_pool_dump_pct=25
2024-05-28 14:09:32 0 [Note] InnoDB: Buffer pool(s) dump completed at 240528 14:09:32
2024-05-28 14:09:33 0 [Note] InnoDB: Removed temporary tablespace data file: "ibtmp1"
2024-05-28 14:09:33 0 [Note] InnoDB: Shutdown completed; log sequence number 9486080; transaction id 4070
2024-05-28 14:09:33 0 [Note] C:\xampp\mysql\bin\mysqld.exe: Shutdown complete

2024-05-28 14:58:12 0 [Note] Starting MariaDB 10.4.32-MariaDB source revision c4143f909528e3fab0677a28631d10389354c491 as process 5444
2024-05-28 14:58:12 0 [Note] InnoDB: Mutexes and rw_locks use Windows interlocked functions
2024-05-28 14:58:12 0 [Note] InnoDB: Uses event mutexes
2024-05-28 14:58:12 0 [Note] InnoDB: Compressed tables use zlib 1.3
2024-05-28 14:58:12 0 [Note] InnoDB: Number of pools: 1
2024-05-28 14:58:12 0 [Note] InnoDB: Using SSE2 crc32 instructions
2024-05-28 14:58:12 0 [Note] InnoDB: Initializing buffer pool, total size = 16M, instances = 1, chunk size = 16M
2024-05-28 14:58:12 0 [Note] InnoDB: Completed initialization of buffer pool
2024-05-28 14:58:12 0 [Note] InnoDB: 128 out of 128 rollback segments are active.
2024-05-28 14:58:12 0 [Note] InnoDB: Creating shared tablespace for temporary tables
2024-05-28 14:58:12 0 [Note] InnoDB: Setting file 'C:\xampp\mysql\data\ibtmp1' size to 12 MB. Physically writing the file full; Please wait ...
2024-05-28 14:58:12 0 [Note] InnoDB: File 'C:\xampp\mysql\data\ibtmp1' size is now 12 MB.
2024-05-28 14:58:12 0 [Note] InnoDB: Waiting for purge to start
2024-05-28 14:58:12 0 [Note] InnoDB: 10.4.32 started; log sequence number 9486080; transaction id 4069
2024-05-28 14:58:12 0 [Note] Plugin 'FEEDBACK' is disabled.
2024-05-28 14:58:12 0 [Note] InnoDB: Loading buffer pool(s) from C:\xampp\mysql\data\ib_buffer_pool
2024-05-28 14:58:12 0 [Note] Server socket created on IP: '::'.
2024-05-28 14:58:12 0 [Note] InnoDB: Buffer pool(s) load completed at 240528 14:58:12
2024-05-28 14:58:12 0 [Note] Reading of all Master_info entries succeeded
2024-05-28 14:58:12 0 [Note] Added new Master_info '' to hash table
2024-05-28 14:58:12 0 [Note] C:\xampp\mysql\bin\mysqld.exe: ready for connections.
Version: '10.4.32-MariaDB'  socket: ''  port: 3306  mariadb.org binary distribution
2024-05-28 15:47:42 0 [Note] C:\xampp\mysql\bin\mysqld.exe (initiated by: unknown): Normal shutdown
2024-05-28 15:47:42 0 [Note] Event Scheduler: Purging the queue. 0 events
2024-05-28 15:47:42 0 [Note] InnoDB: FTS optimize thread exiting.
2024-05-28 15:47:42 0 [Note] InnoDB: Starting shutdown...
2024-05-28 15:47:42 0 [Note] InnoDB: Dumping buffer pool(s) to C:\xampp\mysql\data\ib_buffer_pool
2024-05-28 15:47:43 0 [Note] InnoDB: Instance 0, restricted to 250 pages due to innodb_buf_pool_dump_pct=25
2024-05-28 15:47:43 0 [Note] InnoDB: Buffer pool(s) dump completed at 240528 15:47:43
2024-05-28 15:47:43 0 [Note] InnoDB: Removed temporary tablespace data file: "ibtmp1"
2024-05-28 15:47:43 0 [Note] InnoDB: Shutdown completed; log sequence number 9486089; transaction id 4070
2024-05-28 15:47:43 0 [Note] C:\xampp\mysql\bin\mysqld.exe: Shutdown complete

2024-05-29 20:52:26 0 [Note] Starting MariaDB 10.4.32-MariaDB source revision c4143f909528e3fab0677a28631d10389354c491 as process 5044
2024-05-29 20:52:26 0 [Note] InnoDB: Mutexes and rw_locks use Windows interlocked functions
2024-05-29 20:52:26 0 [Note] InnoDB: Uses event mutexes
2024-05-29 20:52:26 0 [Note] InnoDB: Compressed tables use zlib 1.3
2024-05-29 20:52:26 0 [Note] InnoDB: Number of pools: 1
2024-05-29 20:52:26 0 [Note] InnoDB: Using SSE2 crc32 instructions
2024-05-29 20:52:26 0 [Note] InnoDB: Initializing buffer pool, total size = 16M, instances = 1, chunk size = 16M
2024-05-29 20:52:26 0 [Note] InnoDB: Completed initialization of buffer pool
2024-05-29 20:52:26 0 [Note] InnoDB: 128 out of 128 rollback segments are active.
2024-05-29 20:52:26 0 [Note] InnoDB: Creating shared tablespace for temporary tables
2024-05-29 20:52:26 0 [Note] InnoDB: Setting file 'C:\xampp\mysql\data\ibtmp1' size to 12 MB. Physically writing the file full; Please wait ...
2024-05-29 20:52:26 0 [Note] InnoDB: File 'C:\xampp\mysql\data\ibtmp1' size is now 12 MB.
2024-05-29 20:52:26 0 [Note] InnoDB: Waiting for purge to start
2024-05-29 20:52:26 0 [Note] InnoDB: 10.4.32 started; log sequence number 9486089; transaction id 4069
2024-05-29 20:52:26 0 [Note] InnoDB: Loading buffer pool(s) from C:\xampp\mysql\data\ib_buffer_pool
2024-05-29 20:52:26 0 [Note] InnoDB: Buffer pool(s) load completed at 240529 20:52:26
2024-05-29 20:52:26 0 [Note] Plugin 'FEEDBACK' is disabled.
2024-05-29 20:52:26 0 [Note] Server socket created on IP: '::'.
2024-05-29 20:52:26 0 [Note] Reading of all Master_info entries succeeded
2024-05-29 20:52:26 0 [Note] Added new Master_info '' to hash table
2024-05-29 20:52:26 0 [Note] C:\xampp\mysql\bin\mysqld.exe: ready for connections.
Version: '10.4.32-MariaDB'  socket: ''  port: 3306  mariadb.org binary distribution
